<?xml version="1.0" ?>
<!DOCTYPE coverage SYSTEM "http://cobertura.sourceforge.net/xml/coverage-04.dtd">
<coverage lines-valid="51" lines-covered="51" line-rate="1" branches-valid="12" branches-covered="10" branch-rate="0.8332999999999999" timestamp="1755893552691" complexity="0" version="0.1">
  <sources>
    <source>C:/Users/hamid/SRC/QA/qa-lab-frontend</source>
  </sources>
  <packages>
    <package name="components" line-rate="1" branch-rate="1">
      <classes>
        <class name="BugReportCard.jsx" filename="src\features\bugReports\components\BugReportCard.jsx" line-rate="1" branch-rate="1">
          <methods>
            <method name="BugReportCard" hits="11" signature="()V">
              <lines>
                <line number="1" hits="11"/>
              </lines>
            </method>
          </methods>
          <lines>
            <line number="1" hits="11" branch="true" condition-coverage="100% (1/1)"/>
            <line number="2" hits="11" branch="false"/>
            <line number="3" hits="11" branch="false"/>
            <line number="4" hits="11" branch="false"/>
            <line number="5" hits="11" branch="false"/>
            <line number="6" hits="11" branch="false"/>
            <line number="7" hits="11" branch="false"/>
            <line number="9" hits="11" branch="false"/>
            <line number="10" hits="11" branch="false"/>
            <line number="11" hits="11" branch="false"/>
            <line number="12" hits="11" branch="false"/>
            <line number="13" hits="11" branch="false"/>
            <line number="14" hits="11" branch="false"/>
            <line number="15" hits="11" branch="false"/>
            <line number="16" hits="11" branch="false"/>
            <line number="17" hits="11" branch="false"/>
            <line number="18" hits="11" branch="false"/>
            <line number="19" hits="11" branch="false"/>
            <line number="20" hits="11" branch="false"/>
            <line number="21" hits="11" branch="false"/>
            <line number="23" hits="11" branch="false"/>
          </lines>
        </class>
      </classes>
    </package>
    <package name="pages" line-rate="1" branch-rate="0.8181">
      <classes>
        <class name="BugReportListPage.jsx" filename="src\features\bugReports\pages\BugReportListPage.jsx" line-rate="1" branch-rate="0.8181">
          <methods>
            <method name="BugReportListPage" hits="6" signature="()V">
              <lines>
                <line number="4" hits="6"/>
              </lines>
            </method>
          </methods>
          <lines>
            <line number="1" hits="1" branch="false"/>
            <line number="2" hits="1" branch="false"/>
            <line number="4" hits="6" branch="true" condition-coverage="100% (1/1)"/>
            <line number="5" hits="6" branch="false"/>
            <line number="6" hits="6" branch="false"/>
            <line number="7" hits="6" branch="false"/>
            <line number="9" hits="6" branch="false"/>
            <line number="11" hits="6" branch="true" condition-coverage="100% (1/1)"/>
            <line number="12" hits="3" branch="false"/>
            <line number="13" hits="3" branch="true" condition-coverage="100% (1/1)"/>
            <line number="14" hits="3" branch="true" condition-coverage="0% (0/1)"/>
            <line number="15" hits="3" branch="false"/>
            <line number="16" hits="3" branch="false"/>
            <line number="17" hits="3" branch="true" condition-coverage="100% (1/1)"/>
            <line number="18" hits="3" branch="false"/>
            <line number="19" hits="3" branch="true" condition-coverage="100% (1/1)"/>
            <line number="20" hits="6" branch="false"/>
            <line number="22" hits="6" branch="false"/>
            <line number="23" hits="6" branch="false"/>
            <line number="24" hits="6" branch="false"/>
            <line number="26" hits="6" branch="true" condition-coverage="100% (1/1)"/>
            <line number="27" hits="6" branch="true" condition-coverage="0% (0/1)"/>
            <line number="29" hits="6" branch="true" condition-coverage="100% (2/2)"/>
            <line number="30" hits="3" branch="false"/>
            <line number="31" hits="3" branch="true" condition-coverage="100% (1/1)"/>
            <line number="32" hits="6" branch="false"/>
            <line number="33" hits="3" branch="false"/>
            <line number="34" hits="3" branch="false"/>
            <line number="36" hits="6" branch="false"/>
            <line number="38" hits="6" branch="false"/>
          </lines>
        </class>
      </classes>
    </package>
  </packages>
</coverage>
