TN:
SF:src\features\bugReports\components\BugReportCard.jsx
FN:1,BugReportCard
FNF:1
FNH:1
FNDA:11,BugReportCard
DA:1,11
DA:2,11
DA:3,11
DA:4,11
DA:5,11
DA:6,11
DA:7,11
DA:9,11
DA:10,11
DA:11,11
DA:12,11
DA:13,11
DA:14,11
DA:15,11
DA:16,11
DA:17,11
DA:18,11
DA:19,11
DA:20,11
DA:21,11
DA:23,11
LF:21
LH:21
BRDA:1,0,0,11
BRF:1
BRH:1
end_of_record
TN:
SF:src\features\bugReports\pages\BugReportListPage.jsx
FN:4,BugReportListPage
FNF:1
FNH:1
FNDA:6,BugReportListPage
DA:1,1
DA:2,1
DA:4,6
DA:5,6
DA:6,6
DA:7,6
DA:9,6
DA:11,6
DA:12,3
DA:13,3
DA:14,3
DA:15,3
DA:16,3
DA:17,3
DA:18,3
DA:19,3
DA:20,6
DA:22,6
DA:23,6
DA:24,6
DA:26,6
DA:27,6
DA:29,6
DA:30,3
DA:31,3
DA:32,6
DA:33,3
DA:34,3
DA:36,6
DA:38,6
LF:30
LH:30
BRDA:4,0,0,6
BRDA:26,1,0,3
BRDA:27,2,0,0
BRDA:29,3,0,3
BRDA:29,4,0,3
BRDA:11,5,0,3
BRDA:13,6,0,3
BRDA:14,7,0,0
BRDA:17,8,0,3
BRDA:19,9,0,3
BRDA:31,10,0,6
BRF:11
BRH:9
end_of_record
